<?xml version="1.0" encoding="utf-8"?><testsuites><testsuite errors="0" failures="0" hostname="DESKTOP-3GRSLNF" name="pytest" skipped="0" tests="32" time="0.136" timestamp="2019-11-05T21:29:55.107345"><testcase classname="test_LinkedList" file="test_LinkedList.py" line="28" name="test_AddMultipleToEndOfList" time="0.002"></testcase><testcase classname="test_LinkedList" file="test_LinkedList.py" line="16" name="test_AddMultipleToFrontOfList" time="0.001"></testcase><testcase classname="test_LinkedList" file="test_LinkedList.py" line="9" name="test_AddToBacktOfEmptyList" time="0.001"></testcase><testcase classname="test_LinkedList" file="test_LinkedList.py" line="2" name="test_AddToFrontOfEmptyList" time="0.000"></testcase><testcase classname="test_LinkedList" file="test_LinkedList.py" line="40" name="test_DeleteHeadOfListWithOneElement" time="0.000"></testcase><testcase classname="test_LinkedList" file="test_LinkedList.py" line="76" name="test_DeleteHeadOfListWithTwoElement" time="0.001"></testcase><testcase classname="test_LinkedList" file="test_LinkedList.py" line="88" name="test_DeleteMiddleElement" time="0.000"></testcase><testcase classname="test_LinkedList" file="test_LinkedList.py" line="52" name="test_DeleteTailOfListWithOneElement" time="0.000"></testcase><testcase classname="test_LinkedList" file="test_LinkedList.py" line="64" name="test_DeleteTailOfListWithTwoElement" time="0.002"></testcase><testcase classname="test_RangeDataStructure" file="test_RangeDataStructure.py" line="96" name="test_addInvalidRange" time="0.001"></testcase><testcase classname="test_RangeDataStructure" file="test_RangeDataStructure.py" line="30" name="test_addRangeWithMerge" time="0.002"></testcase><testcase classname="test_RangeDataStructure" file="test_RangeDataStructure.py" line="36" name="test_addRangeWithinExistingRange" time="0.000"></testcase><testcase classname="test_RangeDataStructure" file="test_RangeDataStructure.py" line="23" name="test_addRangeWithoutMerge" time="0.000"></testcase><testcase classname="test_RangeDataStructure" file="test_RangeDataStructure.py" line="6" name="test_addToEmptyList" time="0.000"></testcase><testcase classname="test_RangeDataStructure" file="test_RangeDataStructure.py" line="11" name="test_addToEndOfRange" time="0.000"></testcase><testcase classname="test_RangeDataStructure" file="test_RangeDataStructure.py" line="17" name="test_addToFrontOfRange" time="0.001"></testcase><testcase classname="test_RangeDataStructure" file="test_RangeDataStructure.py" line="66" name="test_deleteBeginningOfRange" time="0.001"></testcase><testcase classname="test_RangeDataStructure" file="test_RangeDataStructure.py" line="54" name="test_deleteEndOfRange" time="0.001"></testcase><testcase classname="test_RangeDataStructure" file="test_RangeDataStructure.py" line="102" name="test_deleteInvalidRange" time="0.001"></testcase><testcase classname="test_RangeDataStructure" file="test_RangeDataStructure.py" line="2" name="test_deleteOfEmptyList" time="0.001"></testcase><testcase classname="test_RangeDataStructure" file="test_RangeDataStructure.py" line="60" name="test_deleteOutOfRange" time="0.002"></testcase><testcase classname="test_RangeDataStructure" file="test_RangeDataStructure.py" line="42" name="test_deleteRange" time="0.001"></testcase><testcase classname="test_RangeDataStructure" file="test_RangeDataStructure.py" line="48" name="test_deleteWithinRange" time="0.001"></testcase><testcase classname="test_RangeDataStructure" file="test_RangeDataStructure.py" line="74" name="test_getFromEmpty" time="0.000"></testcase><testcase classname="test_RangeDataStructure" file="test_RangeDataStructure.py" line="78" name="test_getFromOutOfRange" time="0.000"></testcase><testcase classname="test_RangeDataStructure" file="test_RangeDataStructure.py" line="90" name="test_getFromOverlappingRange" time="0.001"></testcase><testcase classname="test_RangeDataStructure" file="test_RangeDataStructure.py" line="84" name="test_getFromWithinRange" time="0.001"></testcase><testcase classname="test_RangeDataStructure" file="test_RangeDataStructure.py" line="108" name="test_getInvalidRange" time="0.002"></testcase><testcase classname="test_RangeDataStructure" file="test_RangeDataStructure.py" line="114" name="test_highVolumeAdditionToEnd" time="0.003"></testcase><testcase classname="test_RangeDataStructure" file="test_RangeDataStructure.py" line="132" name="test_highVolumeAdditionToEndWithOverlap" time="0.009"></testcase><testcase classname="test_RangeDataStructure" file="test_RangeDataStructure.py" line="123" name="test_highVolumeAdditionToFront" time="0.002"></testcase><testcase classname="test_RangeDataStructure" file="test_RangeDataStructure.py" line="139" name="test_highVolumeAdditionToFrontWithOverlap" time="0.004"></testcase></testsuite></testsuites>